<?xml version="1.0" encoding="UTF-8"?>
<!-- Generated by org.testng.reporters.JUnitReportReporter -->
<testsuite hostname="GMS-PC" name="mavenTest.JobServe" tests="1" failures="0" timestamp="12 Dec 2020 20:39:15 GMT" time="9.910" errors="0">
  <testcase name="testKeyword" time="9.910" classname="mavenTest.JobServe"/>
</testsuite> <!-- mavenTest.JobServe -->
